This is pdfTeX, Version 3.141592653-2.6-1.40.28 (TeX Live 2025) (preloaded format=pdflatex 2025.11.27)  1 APR 2026 09:56
entering extended mode
 restricted \write18 enabled.
 file:line:error style messages enabled.
 %&-line parsing enabled.
**main.tex
(./main.tex
LaTeX2e <2025-11-01>
L3 programming layer <2025-11-14>
(/home/dw/.local/texlive/2025/texmf-dist/tex/latex/base/article.cls
Document Class: article 2025/01/22 v1.4n Standard LaTeX document class
(/home/dw/.local/texlive/2025/texmf-dist/tex/latex/base/size10.clo
File: size10.clo 2025/01/22 v1.4n Standard LaTeX file (size option)
)
\c@part=\count275
\c@section=\count276
\c@subsection=\count277
\c@subsubsection=\count278
\c@paragraph=\count279
\c@subparagraph=\count280
\c@figure=\count281
\c@table=\count282
\abovecaptionskip=\skip49
\belowcaptionskip=\skip50
\bibindent=\dimen148
)
(./tmlr.sty
(/home/dw/.local/texlive/2025/texmf-dist/tex/latex/eso-pic/eso-pic.sty
Package: eso-pic 2023/05/03 v3.0c eso-pic (RN)
\ESO@tempdima=\dimen149
\ESO@tempdimb=\dimen150

(/home/dw/.local/texlive/2025/texmf-dist/tex/latex/graphics/keyval.sty
Package: keyval 2022/05/29 v1.15 key=value parser (DPC)
\KV@toks@=\toks17
)
(/home/dw/.local/texlive/2025/texmf-dist/tex/latex/xcolor/xcolor.sty
Package: xcolor 2024/09/29 v3.02 LaTeX color extensions (UK)

(/home/dw/.local/texlive/2025/texmf-dist/tex/latex/graphics-cfg/color.cfg
File: color.cfg 2016/01/02 v1.6 sample color configuration
)
Package xcolor Info: Driver file: pdftex.def on input line 274.

(/home/dw/.local/texlive/2025/texmf-dist/tex/latex/graphics-def/pdftex.def
File: pdftex.def 2025/09/29 v1.2d Graphics/color driver for pdftex
)
(/home/dw/.local/texlive/2025/texmf-dist/tex/latex/graphics/mathcolor.ltx)
Package xcolor Info: Model `cmy' substituted by `cmy0' on input line 1349.
Package xcolor Info: Model `hsb' substituted by `rgb' on input line 1353.
Package xcolor Info: Model `RGB' extended on input line 1365.
Package xcolor Info: Model `HTML' substituted by `rgb' on input line 1367.
Package xcolor Info: Model `Hsb' substituted by `hsb' on input line 1368.
Package xcolor Info: Model `tHsb' substituted by `hsb' on input line 1369.
Package xcolor Info: Model `HSB' substituted by `hsb' on input line 1370.
Package xcolor Info: Model `Gray' substituted by `gray' on input line 1371.
Package xcolor Info: Model `wave' substituted by `hsb' on input line 1372.
))
(./fancyhdr.sty
Package: fancyhdr 2021/01/28 v4.0.1 Extensive control of page headers and foote
rs
\f@nch@headwidth=\skip51
\f@nch@O@elh=\skip52
\f@nch@O@erh=\skip53
\f@nch@O@olh=\skip54
\f@nch@O@orh=\skip55
\f@nch@O@elf=\skip56
\f@nch@O@erf=\skip57
\f@nch@O@olf=\skip58
\f@nch@O@orf=\skip59
)
(/home/dw/.local/texlive/2025/texmf-dist/tex/latex/natbib/natbib.sty
Package: natbib 2010/09/13 8.31b (PWD, AO)
\bibhang=\skip60
\bibsep=\skip61
LaTeX Info: Redefining \cite on input line 694.
\c@NAT@ctr=\count283
)
(/home/dw/.local/texlive/2025/texmf-dist/tex/latex/base/fontenc.sty
Package: fontenc 2025/07/18 v2.1d Standard LaTeX package
)
(/home/dw/.local/texlive/2025/texmf-dist/tex/latex/lm/lmodern.sty
Package: lmodern 2015/05/01 v1.6.1 Latin Modern Fonts
LaTeX Font Info:    Overwriting symbol font `operators' in version `normal'
(Font)                  OT1/cmr/m/n --> OT1/lmr/m/n on input line 22.
LaTeX Font Info:    Overwriting symbol font `letters' in version `normal'
(Font)                  OML/cmm/m/it --> OML/lmm/m/it on input line 23.
LaTeX Font Info:    Overwriting symbol font `symbols' in version `normal'
(Font)                  OMS/cmsy/m/n --> OMS/lmsy/m/n on input line 24.
LaTeX Font Info:    Overwriting symbol font `largesymbols' in version `normal'
(Font)                  OMX/cmex/m/n --> OMX/lmex/m/n on input line 25.
LaTeX Font Info:    Overwriting symbol font `operators' in version `bold'
(Font)                  OT1/cmr/bx/n --> OT1/lmr/bx/n on input line 26.
LaTeX Font Info:    Overwriting symbol font `letters' in version `bold'
(Font)                  OML/cmm/b/it --> OML/lmm/b/it on input line 27.
LaTeX Font Info:    Overwriting symbol font `symbols' in version `bold'
(Font)                  OMS/cmsy/b/n --> OMS/lmsy/b/n on input line 28.
LaTeX Font Info:    Overwriting symbol font `largesymbols' in version `bold'
(Font)                  OMX/cmex/m/n --> OMX/lmex/m/n on input line 29.
LaTeX Font Info:    Overwriting math alphabet `\mathbf' in version `normal'
(Font)                  OT1/cmr/bx/n --> OT1/lmr/bx/n on input line 31.
LaTeX Font Info:    Overwriting math alphabet `\mathsf' in version `normal'
(Font)                  OT1/cmss/m/n --> OT1/lmss/m/n on input line 32.
LaTeX Font Info:    Overwriting math alphabet `\mathit' in version `normal'
(Font)                  OT1/cmr/m/it --> OT1/lmr/m/it on input line 33.
LaTeX Font Info:    Overwriting math alphabet `\mathtt' in version `normal'
(Font)                  OT1/cmtt/m/n --> OT1/lmtt/m/n on input line 34.
LaTeX Font Info:    Overwriting math alphabet `\mathbf' in version `bold'
(Font)                  OT1/cmr/bx/n --> OT1/lmr/bx/n on input line 35.
LaTeX Font Info:    Overwriting math alphabet `\mathsf' in version `bold'
(Font)                  OT1/cmss/bx/n --> OT1/lmss/bx/n on input line 36.
LaTeX Font Info:    Overwriting math alphabet `\mathit' in version `bold'
(Font)                  OT1/cmr/bx/it --> OT1/lmr/bx/it on input line 37.
LaTeX Font Info:    Overwriting math alphabet `\mathtt' in version `bold'
(Font)                  OT1/cmtt/m/n --> OT1/lmtt/m/n on input line 38.
)
\aftertitskip=\skip62
\beforetitskip=\skip63
\interauthorskip=\skip64
\aftermaketitskip=\skip65
)
(./math_commands.tex
(/home/dw/.local/texlive/2025/texmf-dist/tex/latex/amsmath/amsmath.sty
Package: amsmath 2025/07/09 v2.17z AMS math features
\@mathmargin=\skip66

For additional information on amsmath, use the `?' option.
(/home/dw/.local/texlive/2025/texmf-dist/tex/latex/amsmath/amstext.sty
Package: amstext 2024/11/17 v2.01 AMS text

(/home/dw/.local/texlive/2025/texmf-dist/tex/latex/amsmath/amsgen.sty
File: amsgen.sty 1999/11/30 v2.0 generic functions
\@emptytoks=\toks18
\ex@=\dimen151
))
(/home/dw/.local/texlive/2025/texmf-dist/tex/latex/amsmath/amsbsy.sty
Package: amsbsy 1999/11/29 v1.2d Bold Symbols
\pmbraise@=\dimen152
)
(/home/dw/.local/texlive/2025/texmf-dist/tex/latex/amsmath/amsopn.sty
Package: amsopn 2022/04/08 v2.04 operator names
)
\inf@bad=\count284
LaTeX Info: Redefining \frac on input line 233.
\uproot@=\count285
\leftroot@=\count286
LaTeX Info: Redefining \overline on input line 398.
LaTeX Info: Redefining \colon on input line 409.
\classnum@=\count287
\DOTSCASE@=\count288
LaTeX Info: Redefining \ldots on input line 495.
LaTeX Info: Redefining \dots on input line 498.
LaTeX Info: Redefining \cdots on input line 619.
\Mathstrutbox@=\box53
\strutbox@=\box54
LaTeX Info: Redefining \big on input line 721.
LaTeX Info: Redefining \Big on input line 722.
LaTeX Info: Redefining \bigg on input line 723.
LaTeX Info: Redefining \Bigg on input line 724.
\big@size=\dimen153
LaTeX Font Info:    Redeclaring font encoding OML on input line 742.
LaTeX Font Info:    Redeclaring font encoding OMS on input line 743.
\macc@depth=\count289
LaTeX Info: Redefining \bmod on input line 904.
LaTeX Info: Redefining \pmod on input line 909.
LaTeX Info: Redefining \smash on input line 939.
LaTeX Info: Redefining \relbar on input line 969.
LaTeX Info: Redefining \Relbar on input line 970.
\c@MaxMatrixCols=\count290
\dotsspace@=\muskip17
\c@parentequation=\count291
\dspbrk@lvl=\count292
\tag@help=\toks19
\row@=\count293
\column@=\count294
\maxfields@=\count295
\andhelp@=\toks20
\eqnshift@=\dimen154
\alignsep@=\dimen155
\tagshift@=\dimen156
\tagwidth@=\dimen157
\totwidth@=\dimen158
\lineht@=\dimen159
\@envbody=\toks21
\multlinegap=\skip67
\multlinetaggap=\skip68
\mathdisplay@stack=\toks22
LaTeX Info: Redefining \[ on input line 2950.
LaTeX Info: Redefining \] on input line 2951.
)
(/home/dw/.local/texlive/2025/texmf-dist/tex/latex/amsfonts/amsfonts.sty
Package: amsfonts 2013/01/14 v3.01 Basic AMSFonts support
\symAMSa=\mathgroup4
\symAMSb=\mathgroup5
LaTeX Font Info:    Redeclaring math symbol \hbar on input line 98.
LaTeX Font Info:    Overwriting math alphabet `\mathfrak' in version `bold'
(Font)                  U/euf/m/n --> U/euf/b/n on input line 106.
)
(/home/dw/.local/texlive/2025/texmf-dist/tex/latex/tools/bm.sty
Package: bm 2025/10/21 v1.2g Bold Symbol Support (DPC/FMi)
\symboldoperators=\mathgroup6
\symboldletters=\mathgroup7
\symboldsymbols=\mathgroup8
Package bm Info: No bold for \OMX/lmex/m/n, using \pmb.
Package bm Info: No bold for \U/msa/m/n, using \pmb.
Package bm Info: No bold for \U/msb/m/n, using \pmb.
LaTeX Font Info:    Redeclaring math alphabet \mathbf on input line 149.
)
LaTeX Font Info:    Overwriting math alphabet `\mathsfit' in version `bold'
(Font)                  T1/lmss/m/sl --> T1/lmss/bx/n on input line 314.
)
(/home/dw/.local/texlive/2025/texmf-dist/tex/latex/hyperref/hyperref.sty
Package: hyperref 2025-07-12 v7.01o Hypertext links for LaTeX

(/home/dw/.local/texlive/2025/texmf-dist/tex/generic/iftex/iftex.sty
Package: iftex 2024/12/12 v1.0g TeX engine tests
)
(/home/dw/.local/texlive/2025/texmf-dist/tex/latex/kvsetkeys/kvsetkeys.sty
Package: kvsetkeys 2022-10-05 v1.19 Key value parser (HO)
)
(/home/dw/.local/texlive/2025/texmf-dist/tex/generic/kvdefinekeys/kvdefinekeys.
sty
Package: kvdefinekeys 2019-12-19 v1.6 Define keys (HO)
)
(/home/dw/.local/texlive/2025/texmf-dist/tex/generic/pdfescape/pdfescape.sty
Package: pdfescape 2019/12/09 v1.15 Implements pdfTeX's escape features (HO)

(/home/dw/.local/texlive/2025/texmf-dist/tex/generic/ltxcmds/ltxcmds.sty
Package: ltxcmds 2023-12-04 v1.26 LaTeX kernel commands for general use (HO)
)
(/home/dw/.local/texlive/2025/texmf-dist/tex/generic/pdftexcmds/pdftexcmds.sty
Package: pdftexcmds 2020-06-27 v0.33 Utility functions of pdfTeX for LuaTeX (HO
)

(/home/dw/.local/texlive/2025/texmf-dist/tex/generic/infwarerr/infwarerr.sty
Package: infwarerr 2019/12/03 v1.5 Providing info/warning/error messages (HO)
)
Package pdftexcmds Info: \pdf@primitive is available.
Package pdftexcmds Info: \pdf@ifprimitive is available.
Package pdftexcmds Info: \pdfdraftmode found.
)) (/home/dw/.local/texlive/2025/texmf-dist/tex/latex/hycolor/hycolor.sty
Package: hycolor 2020-01-27 v1.10 Color options for hyperref/bookmark (HO)
)
(/home/dw/.local/texlive/2025/texmf-dist/tex/latex/hyperref/nameref.sty
Package: nameref 2025-06-21 v2.57 Cross-referencing by name of section

(/home/dw/.local/texlive/2025/texmf-dist/tex/latex/refcount/refcount.sty
Package: refcount 2019/12/15 v3.6 Data extraction from label references (HO)
)
(/home/dw/.local/texlive/2025/texmf-dist/tex/generic/gettitlestring/gettitlestr
ing.sty
Package: gettitlestring 2019/12/15 v1.6 Cleanup title references (HO)

(/home/dw/.local/texlive/2025/texmf-dist/tex/latex/kvoptions/kvoptions.sty
Package: kvoptions 2022-06-15 v3.15 Key value format for package options (HO)
))
\c@section@level=\count296
)
(/home/dw/.local/texlive/2025/texmf-dist/tex/latex/etoolbox/etoolbox.sty
Package: etoolbox 2025/10/02 v2.5m e-TeX tools for LaTeX (JAW)
\etb@tempcnta=\count297
)
(/home/dw/.local/texlive/2025/texmf-dist/tex/generic/stringenc/stringenc.sty
Package: stringenc 2019/11/29 v1.12 Convert strings between diff. encodings (HO
)
)
\@linkdim=\dimen160
\Hy@linkcounter=\count298
\Hy@pagecounter=\count299

(/home/dw/.local/texlive/2025/texmf-dist/tex/latex/hyperref/pd1enc.def
File: pd1enc.def 2025-07-12 v7.01o Hyperref: PDFDocEncoding definition (HO)
Now handling font encoding PD1 ...
... no UTF-8 mapping file for font encoding PD1
)
(/home/dw/.local/texlive/2025/texmf-dist/tex/generic/intcalc/intcalc.sty
Package: intcalc 2019/12/15 v1.3 Expandable calculations with integers (HO)
)
\Hy@SavedSpaceFactor=\count300

(/home/dw/.local/texlive/2025/texmf-dist/tex/latex/hyperref/puenc.def
File: puenc.def 2025-07-12 v7.01o Hyperref: PDF Unicode definition (HO)
Now handling font encoding PU ...
... no UTF-8 mapping file for font encoding PU
)
Package hyperref Info: Hyper figures OFF on input line 4195.
Package hyperref Info: Link nesting OFF on input line 4200.
Package hyperref Info: Hyper index ON on input line 4203.
Package hyperref Info: Plain pages OFF on input line 4210.
Package hyperref Info: Backreferencing OFF on input line 4215.
Package hyperref Info: Implicit mode ON; LaTeX internals redefined.
Package hyperref Info: Bookmarks ON on input line 4462.
\c@Hy@tempcnt=\count301

(/home/dw/.local/texlive/2025/texmf-dist/tex/latex/url/url.sty
\Urlmuskip=\muskip18
Package: url 2013/09/16  ver 3.4  Verb mode for urls, etc.
)
LaTeX Info: Redefining \url on input line 4801.
\XeTeXLinkMargin=\dimen161

(/home/dw/.local/texlive/2025/texmf-dist/tex/generic/bitset/bitset.sty
Package: bitset 2019/12/09 v1.3 Handle bit-vector datatype (HO)

(/home/dw/.local/texlive/2025/texmf-dist/tex/generic/bigintcalc/bigintcalc.sty
Package: bigintcalc 2019/12/15 v1.5 Expandable calculations on big integers (HO
)
))
\Fld@menulength=\count302
\Field@Width=\dimen162
\Fld@charsize=\dimen163
Package hyperref Info: Hyper figures OFF on input line 6078.
Package hyperref Info: Link nesting OFF on input line 6083.
Package hyperref Info: Hyper index ON on input line 6086.
Package hyperref Info: backreferencing OFF on input line 6093.
Package hyperref Info: Link coloring OFF on input line 6098.
Package hyperref Info: Link coloring with OCG OFF on input line 6103.
Package hyperref Info: PDF/A mode OFF on input line 6108.
\Hy@abspage=\count303
\c@Item=\count304
\c@Hfootnote=\count305
)
Package hyperref Info: Driver (autodetected): hpdftex.
 (/home/dw/.local/texlive/2025/texmf-dist/tex/latex/hyperref/hpdftex.def
File: hpdftex.def 2025-07-12 v7.01o Hyperref driver for pdfTeX
\Fld@listcount=\count306
\c@bookmark@seq@number=\count307

(/home/dw/.local/texlive/2025/texmf-dist/tex/latex/rerunfilecheck/rerunfilechec
k.sty
Package: rerunfilecheck 2025-06-21 v1.11 Rerun checks for auxiliary files (HO)

(/home/dw/.local/texlive/2025/texmf-dist/tex/generic/uniquecounter/uniquecounte
r.sty
Package: uniquecounter 2019/12/15 v1.4 Provide unlimited unique counter (HO)
)
Package uniquecounter Info: New unique counter `rerunfilecheck' on input line 2
84.
)
\Hy@SectionHShift=\skip69
)
(/home/dw/.local/texlive/2025/texmf-dist/tex/latex/booktabs/booktabs.sty
Package: booktabs 2020/01/12 v1.61803398 Publication quality tables
\heavyrulewidth=\dimen164
\lightrulewidth=\dimen165
\cmidrulewidth=\dimen166
\belowrulesep=\dimen167
\belowbottomsep=\dimen168
\aboverulesep=\dimen169
\abovetopsep=\dimen170
\cmidrulesep=\dimen171
\cmidrulekern=\dimen172
\defaultaddspace=\dimen173
\@cmidla=\count308
\@cmidlb=\count309
\@aboverulesep=\dimen174
\@belowrulesep=\dimen175
\@thisruleclass=\count310
\@lastruleclass=\count311
\@thisrulewidth=\dimen176
)
(/home/dw/.local/texlive/2025/texmf-dist/tex/latex/tools/tabularx.sty
Package: tabularx 2023/12/11 v2.12a `tabularx' package (DPC)

(/home/dw/.local/texlive/2025/texmf-dist/tex/latex/tools/array.sty
Package: array 2025/09/25 v2.6n Tabular extension package (FMi)
\col@sep=\dimen177
\ar@mcellbox=\box55
\extrarowheight=\dimen178
\NC@list=\toks23
\extratabsurround=\skip70
\backup@length=\skip71
\ar@cellbox=\box56
)
\TX@col@width=\dimen179
\TX@old@table=\dimen180
\TX@old@col=\dimen181
\TX@target=\dimen182
\TX@delta=\dimen183
\TX@cols=\count312
\TX@ftn=\toks24
)
LaTeX Font Info:    Trying to load font information for T1+lmr on input line 42
.

(/home/dw/.local/texlive/2025/texmf-dist/tex/latex/lm/t1lmr.fd
File: t1lmr.fd 2015/05/01 v1.6.1 Font defs for Latin Modern
)
(/home/dw/.local/texlive/2025/texmf-dist/tex/latex/l3backend/l3backend-pdftex.d
ef
File: l3backend-pdftex.def 2025-10-09 L3 backend support: PDF output (pdfTeX)
\l__color_backend_stack_int=\count313
) (./main.aux)
\openout1 = `main.aux'.

LaTeX Font Info:    Checking defaults for OML/cmm/m/it on input line 42.
LaTeX Font Info:    ... okay on input line 42.
LaTeX Font Info:    Checking defaults for OMS/cmsy/m/n on input line 42.
LaTeX Font Info:    ... okay on input line 42.
LaTeX Font Info:    Checking defaults for OT1/cmr/m/n on input line 42.
LaTeX Font Info:    ... okay on input line 42.
LaTeX Font Info:    Checking defaults for T1/cmr/m/n on input line 42.
LaTeX Font Info:    ... okay on input line 42.
LaTeX Font Info:    Checking defaults for TS1/cmr/m/n on input line 42.
LaTeX Font Info:    ... okay on input line 42.
LaTeX Font Info:    Checking defaults for OMX/cmex/m/n on input line 42.
LaTeX Font Info:    ... okay on input line 42.
LaTeX Font Info:    Checking defaults for U/cmr/m/n on input line 42.
LaTeX Font Info:    ... okay on input line 42.
LaTeX Font Info:    Checking defaults for PD1/pdf/m/n on input line 42.
LaTeX Font Info:    ... okay on input line 42.
LaTeX Font Info:    Checking defaults for PU/pdf/m/n on input line 42.
LaTeX Font Info:    ... okay on input line 42.

(/home/dw/.local/texlive/2025/texmf-dist/tex/context/base/mkii/supp-pdf.mkii
[Loading MPS to PDF converter (version 2006.09.02).]
\scratchcounter=\count314
\scratchdimen=\dimen184
\scratchbox=\box57
\nofMPsegments=\count315
\nofMParguments=\count316
\everyMPshowfont=\toks25
\MPscratchCnt=\count317
\MPscratchDim=\dimen185
\MPnumerator=\count318
\makeMPintoPDFobject=\count319
\everyMPtoPDFconversion=\toks26
)
Package hyperref Info: Link coloring OFF on input line 42.
 (./main.out) (./main.out)
\@outlinefile=\write3
\openout3 = `main.out'.

LaTeX Font Info:    Trying to load font information for T1+lmss on input line 4
6.

(/home/dw/.local/texlive/2025/texmf-dist/tex/latex/lm/t1lmss.fd
File: t1lmss.fd 2015/05/01 v1.6.1 Font defs for Latin Modern
)
(/home/dw/.local/texlive/2025/texmf-dist/tex/latex/lm/ot1lmr.fd)
(/home/dw/.local/texlive/2025/texmf-dist/tex/latex/lm/omllmm.fd)
(/home/dw/.local/texlive/2025/texmf-dist/tex/latex/lm/omslmsy.fd)
(/home/dw/.local/texlive/2025/texmf-dist/tex/latex/lm/omxlmex.fd)
(/home/dw/.local/texlive/2025/texmf-dist/tex/latex/amsfonts/umsa.fd)
(/home/dw/.local/texlive/2025/texmf-dist/tex/latex/amsfonts/umsb.fd)
Underfull \hbox (badness 10000) in paragraph at lines 87--87
[]|\T1/lmr/m/n/9 Accounting &
 []


Underfull \hbox (badness 10000) in paragraph at lines 87--87
\T1/lmr/m/n/9 Cor-po-rate Fi-
 []


Underfull \hbox (badness 1472) in paragraph at lines 87--87
[]|[]\T1/lmr/m/n/9 Hodge et al.[]
 []


Underfull \hbox (badness 10000) in paragraph at lines 87--87
[]|\T1/lmr/m/n/9 Nonprofessional in-
 []


Underfull \hbox (badness 1205) in paragraph at lines 87--87
[]|\T1/lmr/m/n/9 Information ac-qui-si-tion
 []


Underfull \hbox (badness 2600) in paragraph at lines 87--87
[]|\T1/lmr/m/n/9 XBRL tech-nol-ogy im-
 []


Underfull \hbox (badness 2261) in paragraph at lines 87--87
[]|[]\T1/lmr/m/n/9 Payne et al.[]
 []


Underfull \hbox (badness 10000) in paragraph at lines 87--87
[]|\T1/lmr/m/n/9 Information ac-qui-si-
 []


Underfull \hbox (badness 6675) in paragraph at lines 87--87
\T1/lmr/m/n/9 tion (amount, speed,
 []


Underfull \hbox (badness 10000) in paragraph at lines 87--87
\T1/lmr/m/n/9 us-ing attribute-based
 []


Underfull \hbox (badness 10000) in paragraph at lines 87--87
\T1/lmr/m/n/9 heuris-tics, pro-cess-ing
 []


Underfull \hbox (badness 10000) in paragraph at lines 87--87
[]|[]\T1/lmr/m/n/9 Luce et al.[]
 []


Underfull \hbox (badness 10000) in paragraph at lines 87--87
[]|\T1/lmr/m/n/9 Participants made
 []


Underfull \hbox (badness 6995) in paragraph at lines 87--87
\T1/lmr/m/n/9 multi-attribute choices
 []


Underfull \hbox (badness 10000) in paragraph at lines 87--87
\T1/lmr/m/n/9 emo-tion con-di-tions
 []


Underfull \hbox (badness 10000) in paragraph at lines 87--87
[]|\T1/lmr/m/n/9 Extent and pat-tern
 []


Underfull \hbox (badness 10000) in paragraph at lines 87--87
\T1/lmr/m/n/9 of pro-cess-ing (time,
 []


Underfull \hbox (badness 2165) in paragraph at lines 87--87
\T1/lmr/m/n/9 at-tribute search), and
 []


Underfull \hbox (badness 1629) in paragraph at lines 87--87
\T1/lmr/m/n/9 led to more ex-ten-sive
 []


Underfull \hbox (badness 10000) in paragraph at lines 87--87
[]|\T1/lmr/m/n/9 Game The-ory
 []


Underfull \hbox (badness 10000) in paragraph at lines 87--87
\T1/lmr/m/n/9 & Be-hav-ioral
 []


Underfull \hbox (badness 2119) in paragraph at lines 87--87
[]|\T1/lmr/m/n/9 Three-round se-quen-tial
 []


Underfull \hbox (badness 2173) in paragraph at lines 87--87
\T1/lmr/m/n/9 in-for-ma-tion ac-qui-si-tion
 []


Underfull \hbox (badness 8094) in paragraph at lines 87--87
\T1/lmr/m/n/9 and back-ward in-duc-
 []


Underfull \hbox (badness 10000) in paragraph at lines 87--87
\T1/lmr/m/n/9 in-struc-tion im-proved
 []


Underfull \hbox (badness 10000) in paragraph at lines 87--87
\T1/lmr/m/n/9 both looka-head and
 []


Underfull \hbox (badness 7433) in paragraph at lines 87--87
[]|\T1/lmr/m/n/9 Healthcare Eco-
 []


Underfull \hbox (badness 10000) in paragraph at lines 87--87
[]|\T1/lmr/m/n/9 Consumers chose
 []


Underfull \hbox (badness 1342) in paragraph at lines 87--87
\T1/lmr/m/n/9 health in-sur-ance plans
 []


Underfull \hbox (badness 10000) in paragraph at lines 87--87
\T1/lmr/m/n/9 with/without aids
 []


Underfull \hbox (badness 10000) in paragraph at lines 87--87
\T1/lmr/m/n/9 (cal-cu-la-tors, smart
 []


Underfull \hbox (badness 5954) in paragraph at lines 87--87
\T1/lmr/m/n/9 de-faults); im-pacts of
 []


Underfull \hbox (badness 2376) in paragraph at lines 87--87
\T1/lmr/m/n/9 effectiveness), fi-nan-cial
 []


Underfull \hbox (badness 1215) in paragraph at lines 87--87
[]|\T1/lmr/m/n/9 Without de-ci-sion aids,
 []


Underfull \hbox (badness 2359) in paragraph at lines 87--87
\T1/lmr/m/n/9 con-sumers made large
 []


Underfull \hbox (badness 10000) in paragraph at lines 87--87
\T1/lmr/m/n/9 weight-ing de-ductibles;
 []


Underfull \hbox (badness 10000) in paragraph at lines 87--87
\T1/lmr/m/n/9 smart de-faults and
 []


Underfull \hbox (badness 10000) in paragraph at lines 87--87
\T1/lmr/m/n/9 cal-cu-la-tors im-proved
 []


Underfull \hbox (badness 2359) in paragraph at lines 87--87
[]|[]\T1/lmr/m/n/9 Lau & Red-
 []


Underfull \hbox (badness 2600) in paragraph at lines 87--87
[]|\T1/lmr/m/n/9 Voters gath-ered in-for-
 []


Underfull \hbox (badness 10000) in paragraph at lines 87--87
[]|\T1/lmr/m/n/9 Information search
 []


Underfull \hbox (badness 10000) in paragraph at lines 87--87
\T1/lmr/m/n/9 depth, com-pa-ra-bil-
 []


Underfull \hbox (badness 10000) in paragraph at lines 87--87
\T1/lmr/m/n/9 ity, se-quence (can-di-
 []


Underfull \hbox (badness 10000) in paragraph at lines 87--87
\T1/lmr/m/n/9 date/attribute), and
 []


Underfull \hbox (badness 10000) in paragraph at lines 87--87
\T1/lmr/m/n/9 match-ing to de-ci-sion
 []


Underfull \hbox (badness 3557) in paragraph at lines 87--87
\T1/lmr/m/n/9 strate-gies (e.g., ra-tio-
 []


Underfull \hbox (badness 2744) in paragraph at lines 87--87
\T1/lmr/m/n/9 veals heuris-tic use in
 []


Underfull \hbox (badness 10000) in paragraph at lines 87--87
[]|\T1/lmr/m/n/9 Social Psy-chol-
 []


Underfull \hbox (badness 10000) in paragraph at lines 87--87
[]|\T1/lmr/m/n/9 Categorization of
 []


Underfull \hbox (badness 3199) in paragraph at lines 87--87
\T1/lmr/m/n/9 dressed in high-status
 []


Underfull \hbox (badness 4954) in paragraph at lines 87--87
\T1/lmr/m/n/9 (busi-ness) vs. low-
 []


Underfull \hbox (badness 10000) in paragraph at lines 87--87
[]|\T1/lmr/m/n/9 Categorization choice
 []


Underfull \hbox (badness 3895) in paragraph at lines 87--87
\T1/lmr/m/n/9 time com-puter mouse
 []


Underfull \hbox (badness 6204) in paragraph at lines 87--87
[]|\T1/lmr/m/n/9 High-status at-tire in-
 []


Underfull \hbox (badness 2213) in paragraph at lines 87--87
\T1/lmr/m/n/9 creased White cat-e-go-
 []


Underfull \hbox (badness 3354) in paragraph at lines 87--87
\T1/lmr/m/n/9 trac-tion to un-s-e-lected
 []

[1{/home/dw/.local/texlive/2025/texmf-var/fonts/map/pdftex/updmap/pdftex.map}{/
home/dw/.local/texlive/2025/texmf-dist/fonts/enc/dvips/lm/lm-ec.enc}

] [2]
(./main.bbl [3]) [4] (./main.aux)
 ***********
LaTeX2e <2025-11-01>
L3 programming layer <2025-11-14>
 ***********
Package rerunfilecheck Info: File `main.out' has not changed.
(rerunfilecheck)             Checksum: DF8F9A6AFA0A4300CD06451A23FF42B3;1567.
 ) 
Here is how much of TeX's memory you used:
 11148 strings out of 467538
 163662 string characters out of 5416425
 603327 words of memory out of 5000000
 39864 multiletter control sequences out of 15000+600000
 688070 words of font info for 78 fonts, out of 8000000 for 9000
 1141 hyphenation exceptions out of 8191
 75i,11n,90p,474b,565s stack positions out of 10000i,1000n,20000p,200000b,200000s
</home/dw/.local/texlive/2025/texmf-dist/fonts/type1/public/lm/lmbx10.pfb></h
ome/dw/.local/texlive/2025/texmf-dist/fonts/type1/public/lm/lmbx9.pfb></home/dw
/.local/texlive/2025/texmf-dist/fonts/type1/public/lm/lmr10.pfb></home/dw/.loca
l/texlive/2025/texmf-dist/fonts/type1/public/lm/lmr9.pfb></home/dw/.local/texli
ve/2025/texmf-dist/fonts/type1/public/lm/lmri10.pfb></home/dw/.local/texlive/20
25/texmf-dist/fonts/type1/public/lm/lmssbx10.pfb>
Output written on main.pdf (4 pages, 185764 bytes).
PDF statistics:
 172 PDF objects out of 1000 (max. 8388607)
 120 compressed objects within 2 object streams
 26 named destinations out of 1000 (max. 500000)
 89 words of extra memory for PDF output out of 10000 (max. 10000000)

